<?xml version="1.0" encoding="UTF-8"?>
<!-- Generated by org.testng.reporters.JUnitReportReporter -->
<testsuite skipped="0" hostname="LAPTOP-VV23PLPG" name="com.swagLabs.qa.loginTest.TC005_Login_Test_Invalid_Pwd" tests="1" failures="0" timestamp="25 Apr 2020 15:28:36 GMT" time="6.814" errors="0">
  <testcase name="login_Test_Locked_User" time="6.814" classname="com.swagLabs.qa.loginTest.TC005_Login_Test_Invalid_Pwd"/>
</testsuite> <!-- com.swagLabs.qa.loginTest.TC005_Login_Test_Invalid_Pwd -->
