<?xml version="1.0" encoding="UTF-8"?>
<!-- Generated by org.testng.reporters.JUnitReportReporter -->
<testsuite skipped="0" hostname="LAPTOP-VV23PLPG" name="com.swagLabs.qa.loginTest.LoginTestWithValidUser" tests="1" failures="0" timestamp="25 Apr 2020 03:00:15 GMT" time="8.849" errors="0">
  <testcase name="login_Test_Valid_User" time="8.849" classname="com.swagLabs.qa.loginTest.LoginTestWithValidUser"/>
</testsuite> <!-- com.swagLabs.qa.loginTest.LoginTestWithValidUser -->
