<?xml version="1.0" encoding="UTF-8"?>
<!-- Generated by org.testng.reporters.JUnitReportReporter -->
<testsuite skipped="0" hostname="LAPTOP-VV23PLPG" name="com.swagLabs.qa.loginTest.TC_001_Login_Page_Logo_Test" tests="1" failures="0" timestamp="25 Apr 2020 15:28:36 GMT" time="9.199" errors="0">
  <testcase name="loginPageLogoTest" time="9.199" classname="com.swagLabs.qa.loginTest.TC_001_Login_Page_Logo_Test"/>
</testsuite> <!-- com.swagLabs.qa.loginTest.TC_001_Login_Page_Logo_Test -->
