<?xml version="1.0" encoding="UTF-8"?>
<!-- Generated by org.testng.reporters.JUnitReportReporter -->
<testsuite skipped="0" hostname="LAPTOP-VV23PLPG" name="com.swagLabs.qa.loginTest.LoginPageTitleTest" tests="1" failures="0" timestamp="24 Apr 2020 22:32:04 GMT" time="7.300" errors="0">
  <testcase name="loginPageTitleTest" time="7.300" classname="com.swagLabs.qa.loginTest.LoginPageTitleTest"/>
</testsuite> <!-- com.swagLabs.qa.loginTest.LoginPageTitleTest -->
