<?xml version="1.0" encoding="UTF-8"?>
<!-- Generated by org.testng.reporters.JUnitReportReporter -->
<testsuite skipped="0" hostname="LAPTOP-VV23PLPG" name="com.swagLabs.qa.loginTest.TC_003_Login_Test_With_Valid_User" tests="1" failures="0" timestamp="25 Apr 2020 15:28:36 GMT" time="9.384" errors="0">
  <testcase name="login_Test_Valid_User" time="9.384" classname="com.swagLabs.qa.loginTest.TC_003_Login_Test_With_Valid_User"/>
</testsuite> <!-- com.swagLabs.qa.loginTest.TC_003_Login_Test_With_Valid_User -->
